<?xml version="1.0" encoding="UTF-8"?>
<!-- Generated by org.testng.reporters.JUnitReportReporter -->
<testsuite hostname="Subham-RM" name="com.realtech.socialsurvey.version1.page.LoginPage" tests="2" failures="0" timestamp="28 Oct 2015 06:38:18 GMT" time="10.637" errors="0">
  <testcase name="userLogout" time="6.803" classname="com.realtech.socialsurvey.version1.page.LoginPage"/>
  <testcase name="loginUserAdminFromHomePage" time="3.834" classname="com.realtech.socialsurvey.version1.page.LoginPage"/>
</testsuite> <!-- com.realtech.socialsurvey.version1.page.LoginPage -->
