<?xml version="1.0" encoding="UTF-8"?>
<!-- Generated by org.testng.reporters.JUnitReportReporter -->
<testsuite hostname="Subham-RM" name="com.realtech.socialsurvey.version1.page.ProSearchPage" tests="3" failures="0" timestamp="28 Oct 2015 08:52:58 GMT" time="34.013" errors="0">
  <testcase name="searchForProWithEnterKey" time="4.181" classname="com.realtech.socialsurvey.version1.page.ProSearchPage"/>
  <testcase name="searchForProWithButtonSubmit" time="12.588" classname="com.realtech.socialsurvey.version1.page.ProSearchPage"/>
  <testcase name="launchHomeWebsite" time="17.244" classname="com.realtech.socialsurvey.version1.page.ProSearchPage"/>
</testsuite> <!-- com.realtech.socialsurvey.version1.page.ProSearchPage -->
