<?xml version="1.0" encoding="UTF-8"?>
<!-- Generated by org.testng.reporters.JUnitReportReporter -->
<testsuite hostname="Subham-RM" name="com.realtech.socialsurvey.version1.page.PublicProfilePage" tests="1" failures="0" timestamp="28 Oct 2015 08:52:58 GMT" time="9.925" errors="0">
  <testcase name="loadPublicPage" time="9.925" classname="com.realtech.socialsurvey.version1.page.PublicProfilePage"/>
</testsuite> <!-- com.realtech.socialsurvey.version1.page.PublicProfilePage -->
