<?xml version="1.0" encoding="UTF-8"?>
<!-- Generated by org.testng.reporters.JUnitReportReporter -->
<testsuite hostname="Subham-RM" name="com.realtech.socialsurvey.version1.testcase.TestHomePage" tests="2" failures="0" timestamp="28 Oct 2015 11:16:07 GMT" time="34.136" errors="0">
  <testcase name="testUserLogin" time="21.084" classname="com.realtech.socialsurvey.version1.testcase.TestHomePage"/>
  <testcase name="testUserLogout" time="13.052" classname="com.realtech.socialsurvey.version1.testcase.TestHomePage"/>
</testsuite> <!-- com.realtech.socialsurvey.version1.testcase.TestHomePage -->
